<?xml version="1.0" encoding="UTF-8"?>
<beans xmlns="http://www.springframework.org/schema/beans"
       xmlns:xsi="http://www.w3.org/2001/XMLSchema-instance"
       xsi:schemaLocation="http://www.springframework.org/schema/beans http://www.springframework.org/schema/beans/spring-beans.xsd">

    <!-- List of implementations to run the interface tests against -->
    <bean name="runtimeConfigDAOImpls" class="org.springframework.beans.factory.config.ListFactoryBean">
        <property name="sourceList">
            <list>
                <ref bean="runtimeConfigDAOPropertiesFileImpl" />
                <!--<ref bean="runtimeConfigDAOPropertiesFileImpl2" />-->
            </list>
        </property>
    </bean>

    <!-- These are the implementation beans which will be used for each interface test -->
    <bean name="runtimeConfigDAOPropertiesFileImpl" class="au.edu.une.monitor.web.RuntimeConfigDAOPropertiesFileImpl">
        <property name="runtimePropertiesFilename" value="/tmp/agent.runtime.properties" />
    </bean>

</beans>